<?xml version="1.0" encoding="UTF-8"?>
<testsuite xmlns:xsi="http://www.w3.org/2001/XMLSchema-instance" xsi:noNamespaceSchemaLocation="https://maven.apache.org/surefire/maven-surefire-plugin/xsd/surefire-test-report.xsd" name="ru.usharik.liquibase.demo.LiquibaseDemoApplicationTests" time="66.104" tests="3" errors="3" skipped="0" failures="0">
  <properties>
[...]
</properties>
  <testcase name="getNextWeekUsers" classname="ru.usharik.liquibase.demo.LiquibaseDemoApplicationTests" time="0.522">
    <error message="Index: 0, Size: 0" type="java.lang.IndexOutOfBoundsException">java.lang.IndexOutOfBoundsException: Index: 0, Size: 0
	at ru.usharik.liquibase.demo.LiquibaseDemoApplicationTests.getNextWeekUsers(LiquibaseDemoApplicationTests.java:41)
</error>
    <system-out><![CDATA[13:00:50.896 [main] DEBUG org.springframework.test.context.junit4.SpringJUnit4ClassRunner - SpringJUnit4ClassRunner constructor called with [class ru.usharik.liquibase.demo.LiquibaseDemoApplicationTests]
13:00:50.910 [main] DEBUG org.springframework.test.context.BootstrapUtils - Instantiating CacheAwareContextLoaderDelegate from class [org.springframework.test.context.cache.DefaultCacheAwareContextLoaderDelegate]
13:00:50.926 [main] DEBUG org.springframework.test.context.BootstrapUtils - Instantiating BootstrapContext using constructor [public org.springframework.test.context.support.DefaultBootstrapContext(java.lang.Class,org.springframework.test.context.CacheAwareContextLoaderDelegate)]
13:00:50.977 [main] DEBUG org.springframework.test.context.BootstrapUtils - Instantiating TestContextBootstrapper for test class [ru.usharik.liquibase.demo.LiquibaseDemoApplicationTests] from class [org.springframework.boot.test.context.SpringBootTestContextBootstrapper]
13:00:51.004 [main] INFO org.springframework.boot.test.context.SpringBootTestContextBootstrapper - Neither @ContextConfiguration nor @ContextHierarchy found for test class [ru.usharik.liquibase.demo.LiquibaseDemoApplicationTests], using SpringBootContextLoader
13:00:51.012 [main] DEBUG org.springframework.test.context.support.AbstractContextLoader - Did not detect default resource location for test class [ru.usharik.liquibase.demo.LiquibaseDemoApplicationTests]: class path resource [ru/usharik/liquibase/demo/LiquibaseDemoApplicationTests-context.xml] does not exist
13:00:51.013 [main] DEBUG org.springframework.test.context.support.AbstractContextLoader - Did not detect default resource location for test class [ru.usharik.liquibase.demo.LiquibaseDemoApplicationTests]: class path resource [ru/usharik/liquibase/demo/LiquibaseDemoApplicationTestsContext.groovy] does not exist
13:00:51.014 [main] INFO org.springframework.test.context.support.AbstractContextLoader - Could not detect default resource locations for test class [ru.usharik.liquibase.demo.LiquibaseDemoApplicationTests]: no resource found for suffixes {-context.xml, Context.groovy}.
13:00:51.015 [main] INFO org.springframework.test.context.support.AnnotationConfigContextLoaderUtils - Could not detect default configuration classes for test class [ru.usharik.liquibase.demo.LiquibaseDemoApplicationTests]: LiquibaseDemoApplicationTests does not declare any static, non-private, non-final, nested classes annotated with @Configuration.
13:00:51.127 [main] DEBUG org.springframework.test.context.support.ActiveProfilesUtils - Could not find an 'annotation declaring class' for annotation type [org.springframework.test.context.ActiveProfiles] and class [ru.usharik.liquibase.demo.LiquibaseDemoApplicationTests]
13:00:51.288 [main] DEBUG org.springframework.context.annotation.ClassPathScanningCandidateComponentProvider - Identified candidate component class: file [D:\WORK\Java\spring-liquibase-hibernate\SpringHibernate\target\classes\ru\usharik\liquibase\demo\LiquibaseDemoApplication.class]
13:00:51.290 [main] INFO org.springframework.boot.test.context.SpringBootTestContextBootstrapper - Found @SpringBootConfiguration ru.usharik.liquibase.demo.LiquibaseDemoApplication for test class ru.usharik.liquibase.demo.LiquibaseDemoApplicationTests
13:00:51.464 [main] DEBUG org.springframework.boot.test.context.SpringBootTestContextBootstrapper - @TestExecutionListeners is not present for class [ru.usharik.liquibase.demo.LiquibaseDemoApplicationTests]: using defaults.
13:00:51.465 [main] INFO org.springframework.boot.test.context.SpringBootTestContextBootstrapper - Loaded default TestExecutionListener class names from location [META-INF/spring.factories]: [org.springframework.boot.test.mock.mockito.MockitoTestExecutionListener, org.springframework.boot.test.mock.mockito.ResetMocksTestExecutionListener, org.springframework.boot.test.autoconfigure.restdocs.RestDocsTestExecutionListener, org.springframework.boot.test.autoconfigure.web.client.MockRestServiceServerResetTestExecutionListener, org.springframework.boot.test.autoconfigure.web.servlet.MockMvcPrintOnlyOnFailureTestExecutionListener, org.springframework.boot.test.autoconfigure.web.servlet.WebDriverTestExecutionListener, org.springframework.test.context.web.ServletTestExecutionListener, org.springframework.test.context.support.DirtiesContextBeforeModesTestExecutionListener, org.springframework.test.context.support.DependencyInjectionTestExecutionListener, org.springframework.test.context.support.DirtiesContextTestExecutionListener, org.springframework.test.context.transaction.TransactionalTestExecutionListener, org.springframework.test.context.jdbc.SqlScriptsTestExecutionListener]
13:00:51.496 [main] INFO org.springframework.boot.test.context.SpringBootTestContextBootstrapper - Using TestExecutionListeners: [org.springframework.test.context.web.ServletTestExecutionListener@4bbf6d0e, org.springframework.test.context.support.DirtiesContextBeforeModesTestExecutionListener@30b6ffe0, org.springframework.boot.test.mock.mockito.MockitoTestExecutionListener@791d1f8b, org.springframework.boot.test.autoconfigure.SpringBootDependencyInjectionTestExecutionListener@2415fc55, org.springframework.test.context.support.DirtiesContextTestExecutionListener@14f232c4, org.springframework.test.context.transaction.TransactionalTestExecutionListener@13bc8645, org.springframework.test.context.jdbc.SqlScriptsTestExecutionListener@24c22fe, org.springframework.boot.test.mock.mockito.ResetMocksTestExecutionListener@93081b6, org.springframework.boot.test.autoconfigure.restdocs.RestDocsTestExecutionListener@cd1e646, org.springframework.boot.test.autoconfigure.web.client.MockRestServiceServerResetTestExecutionListener@7ba8c737, org.springframework.boot.test.autoconfigure.web.servlet.MockMvcPrintOnlyOnFailureTestExecutionListener@1890516e, org.springframework.boot.test.autoconfigure.web.servlet.WebDriverTestExecutionListener@15a04efb]
13:00:51.499 [main] DEBUG org.springframework.test.annotation.ProfileValueUtils - Retrieved @ProfileValueSourceConfiguration [null] for test class [ru.usharik.liquibase.demo.LiquibaseDemoApplicationTests]
13:00:51.500 [main] DEBUG org.springframework.test.annotation.ProfileValueUtils - Retrieved ProfileValueSource type [class org.springframework.test.annotation.SystemProfileValueSource] for class [ru.usharik.liquibase.demo.LiquibaseDemoApplicationTests]
13:00:51.502 [main] DEBUG org.springframework.test.annotation.ProfileValueUtils - Retrieved @ProfileValueSourceConfiguration [null] for test class [ru.usharik.liquibase.demo.LiquibaseDemoApplicationTests]
13:00:51.502 [main] DEBUG org.springframework.test.annotation.ProfileValueUtils - Retrieved ProfileValueSource type [class org.springframework.test.annotation.SystemProfileValueSource] for class [ru.usharik.liquibase.demo.LiquibaseDemoApplicationTests]
13:00:51.504 [main] DEBUG org.springframework.test.annotation.ProfileValueUtils - Retrieved @ProfileValueSourceConfiguration [null] for test class [ru.usharik.liquibase.demo.LiquibaseDemoApplicationTests]
13:00:51.504 [main] DEBUG org.springframework.test.annotation.ProfileValueUtils - Retrieved ProfileValueSource type [class org.springframework.test.annotation.SystemProfileValueSource] for class [ru.usharik.liquibase.demo.LiquibaseDemoApplicationTests]
13:00:51.513 [main] DEBUG org.springframework.test.context.support.AbstractDirtiesContextTestExecutionListener - Before test class: context [DefaultTestContext@f627d13 testClass = LiquibaseDemoApplicationTests, testInstance = [null], testMethod = [null], testException = [null], mergedContextConfiguration = [WebMergedContextConfiguration@4e928fbf testClass = LiquibaseDemoApplicationTests, locations = '{}', classes = '{class ru.usharik.liquibase.demo.LiquibaseDemoApplication}', contextInitializerClasses = '[]', activeProfiles = '{}', propertySourceLocations = '{}', propertySourceProperties = '{org.springframework.boot.test.context.SpringBootTestContextBootstrapper=true}', contextCustomizers = set[[ImportsContextCustomizer@352ff4da key = [org.springframework.boot.test.autoconfigure.web.servlet.MockMvcAutoConfiguration, org.springframework.boot.test.autoconfigure.web.servlet.MockMvcSecurityAutoConfiguration, org.springframework.boot.test.autoconfigure.web.servlet.MockMvcWebClientAutoConfiguration, org.springframework.boot.test.autoconfigure.web.servlet.MockMvcWebDriverAutoConfiguration]], org.springframework.boot.test.context.filter.ExcludeFilterContextCustomizer@3bf7ca37, org.springframework.boot.test.json.DuplicateJsonObjectContextCustomizerFactory$DuplicateJsonObjectContextCustomizer@4b2bac3f, org.springframework.boot.test.mock.mockito.MockitoContextCustomizer@0, org.springframework.boot.test.web.client.TestRestTemplateContextCustomizer@8297b3a, org.springframework.boot.test.autoconfigure.properties.PropertyMappingContextCustomizer@e7e8512, org.springframework.boot.test.autoconfigure.web.servlet.WebDriverContextCustomizerFactory$Customizer@ae13544], resourceBasePath = 'src/main/webapp', contextLoader = 'org.springframework.boot.test.context.SpringBootContextLoader', parent = [null]], attributes = map['org.springframework.test.context.web.ServletTestExecutionListener.activateListener' -> true]], class annotated with @DirtiesContext [false] with mode [null].
13:00:51.516 [main] DEBUG org.springframework.test.annotation.ProfileValueUtils - Retrieved @ProfileValueSourceConfiguration [null] for test class [ru.usharik.liquibase.demo.LiquibaseDemoApplicationTests]
13:00:51.517 [main] DEBUG org.springframework.test.annotation.ProfileValueUtils - Retrieved ProfileValueSource type [class org.springframework.test.annotation.SystemProfileValueSource] for class [ru.usharik.liquibase.demo.LiquibaseDemoApplicationTests]
13:00:51.556 [main] DEBUG org.springframework.test.context.support.TestPropertySourceUtils - Adding inlined properties to environment: {spring.jmx.enabled=false, org.springframework.boot.test.context.SpringBootTestContextBootstrapper=true, server.port=-1}

  .   ____          _            __ _ _
 /\\ / ___'_ __ _ _(_)_ __  __ _ \ \ \ \
( ( )\___ | '_ | '_| | '_ \/ _` | \ \ \ \
 \\/  ___)| |_)| | | | | || (_| |  ) ) ) )
  '  |____| .__|_| |_|_| |_\__, | / / / /
 =========|_|==============|___/=/_/_/_/
 :: Spring Boot ::        (v2.1.6.RELEASE)

2020-01-17 13:00:52.304  INFO 4304 --- [           main] r.u.l.d.LiquibaseDemoApplicationTests    : Starting LiquibaseDemoApplicationTests on pyatak with PID 4304 (started by pyatak in D:\WORK\Java\spring-liquibase-hibernate\SpringHibernate)
2020-01-17 13:00:52.307  INFO 4304 --- [           main] r.u.l.d.LiquibaseDemoApplicationTests    : No active profile set, falling back to default profiles: default
2020-01-17 13:00:53.864  INFO 4304 --- [           main] .s.d.r.c.RepositoryConfigurationDelegate : Bootstrapping Spring Data repositories in DEFAULT mode.
2020-01-17 13:00:53.996  INFO 4304 --- [           main] .s.d.r.c.RepositoryConfigurationDelegate : Finished Spring Data repository scanning in 113ms. Found 1 repository interfaces.
2020-01-17 13:00:54.933  INFO 4304 --- [           main] trationDelegate$BeanPostProcessorChecker : Bean 'org.springframework.transaction.annotation.ProxyTransactionManagementConfiguration' of type [org.springframework.transaction.annotation.ProxyTransactionManagementConfiguration$$EnhancerBySpringCGLIB$$1b5b41a1] is not eligible for getting processed by all BeanPostProcessors (for example: not eligible for auto-proxying)
2020-01-17 13:00:55.316  INFO 4304 --- [           main] com.zaxxer.hikari.HikariDataSource       : HikariPool-1 - Starting...
2020-01-17 13:00:55.588  INFO 4304 --- [           main] com.zaxxer.hikari.HikariDataSource       : HikariPool-1 - Start completed.
2020-01-17 13:00:56.917  INFO 4304 --- [           main] liquibase.executor.jvm.JdbcExecutor      : SELECT COUNT(*) FROM PUBLIC.DATABASECHANGELOGLOCK
2020-01-17 13:00:56.944  INFO 4304 --- [           main] liquibase.executor.jvm.JdbcExecutor      : CREATE TABLE PUBLIC.DATABASECHANGELOGLOCK (ID INT NOT NULL, LOCKED BOOLEAN NOT NULL, LOCKGRANTED TIMESTAMP, LOCKEDBY VARCHAR(255), CONSTRAINT PK_DATABASECHANGELOGLOCK PRIMARY KEY (ID))
2020-01-17 13:00:56.954  INFO 4304 --- [           main] liquibase.executor.jvm.JdbcExecutor      : SELECT COUNT(*) FROM PUBLIC.DATABASECHANGELOGLOCK
2020-01-17 13:00:56.960  INFO 4304 --- [           main] liquibase.executor.jvm.JdbcExecutor      : DELETE FROM PUBLIC.DATABASECHANGELOGLOCK
2020-01-17 13:00:56.963  INFO 4304 --- [           main] liquibase.executor.jvm.JdbcExecutor      : INSERT INTO PUBLIC.DATABASECHANGELOGLOCK (ID, LOCKED) VALUES (1, FALSE)
2020-01-17 13:00:56.967  INFO 4304 --- [           main] liquibase.executor.jvm.JdbcExecutor      : SELECT LOCKED FROM PUBLIC.DATABASECHANGELOGLOCK WHERE ID=1
2020-01-17 13:00:56.983  INFO 4304 --- [           main] l.lockservice.StandardLockService        : Successfully acquired change log lock
2020-01-17 13:00:58.939  INFO 4304 --- [           main] l.c.StandardChangeLogHistoryService      : Creating database history table with name: PUBLIC.DATABASECHANGELOG
2020-01-17 13:00:58.944  INFO 4304 --- [           main] liquibase.executor.jvm.JdbcExecutor      : CREATE TABLE PUBLIC.DATABASECHANGELOG (ID VARCHAR(255) NOT NULL, AUTHOR VARCHAR(255) NOT NULL, FILENAME VARCHAR(255) NOT NULL, DATEEXECUTED TIMESTAMP NOT NULL, ORDEREXECUTED INT NOT NULL, EXECTYPE VARCHAR(10) NOT NULL, MD5SUM VARCHAR(35), DESCRIPTION VARCHAR(255), COMMENTS VARCHAR(255), TAG VARCHAR(255), LIQUIBASE VARCHAR(20), CONTEXTS VARCHAR(255), LABELS VARCHAR(255), DEPLOYMENT_ID VARCHAR(10))
2020-01-17 13:00:58.946  INFO 4304 --- [           main] liquibase.executor.jvm.JdbcExecutor      : SELECT COUNT(*) FROM PUBLIC.DATABASECHANGELOG
2020-01-17 13:00:58.948  INFO 4304 --- [           main] l.c.StandardChangeLogHistoryService      : Reading from PUBLIC.DATABASECHANGELOG
2020-01-17 13:00:58.950  INFO 4304 --- [           main] liquibase.executor.jvm.JdbcExecutor      : SELECT * FROM PUBLIC.DATABASECHANGELOG ORDER BY DATEEXECUTED ASC, ORDEREXECUTED ASC
2020-01-17 13:00:58.953  INFO 4304 --- [           main] liquibase.executor.jvm.JdbcExecutor      : SELECT COUNT(*) FROM PUBLIC.DATABASECHANGELOGLOCK
2020-01-17 13:00:59.020  INFO 4304 --- [           main] liquibase.executor.jvm.JdbcExecutor      : CREATE TABLE PUBLIC.users (id BIGINT AUTO_INCREMENT NOT NULL, first_name VARCHAR(50) NOT NULL, last_name VARCHAR(50), department BIGINT NOT NULL, birthday TIMESTAMP NOT NULL, CONSTRAINT PK_USERS PRIMARY KEY (id))
2020-01-17 13:00:59.059  INFO 4304 --- [           main] liquibase.changelog.ChangeSet            : Table users created
2020-01-17 13:00:59.059  INFO 4304 --- [           main] liquibase.changelog.ChangeSet            : ChangeSet /db/changelog/changes/createUsersTable-changeLog-1.xml::1::admin ran successfully in 41ms
2020-01-17 13:00:59.062  INFO 4304 --- [           main] liquibase.executor.jvm.JdbcExecutor      : SELECT MAX(ORDEREXECUTED) FROM PUBLIC.DATABASECHANGELOG
2020-01-17 13:00:59.079  INFO 4304 --- [           main] liquibase.executor.jvm.JdbcExecutor      : INSERT INTO PUBLIC.DATABASECHANGELOG (ID, AUTHOR, FILENAME, DATEEXECUTED, ORDEREXECUTED, MD5SUM, DESCRIPTION, COMMENTS, EXECTYPE, CONTEXTS, LABELS, LIQUIBASE, DEPLOYMENT_ID) VALUES ('1', 'admin', '/db/changelog/changes/createUsersTable-changeLog-1.xml', NOW(), 1, '8:c07d334c6c1dcb15d57e8e7a8fc91b24', 'createTable tableName=users', '', 'EXECUTED', NULL, NULL, '3.6.3', '9248058954')
2020-01-17 13:00:59.084  INFO 4304 --- [           main] liquibase.executor.jvm.JdbcExecutor      : CREATE TABLE PUBLIC.departments (id BIGINT AUTO_INCREMENT NOT NULL, id_parent BIGINT NOT NULL, NameDep VARCHAR(50), CONSTRAINT PK_DEPARTMENTS PRIMARY KEY (id))
2020-01-17 13:00:59.087  INFO 4304 --- [           main] liquibase.changelog.ChangeSet            : Table departments created
2020-01-17 13:00:59.087  INFO 4304 --- [           main] liquibase.changelog.ChangeSet            : ChangeSet /db/changelog/changes/createDepsTable-changeLog-2.xml::2::admin ran successfully in 4ms
2020-01-17 13:00:59.090  INFO 4304 --- [           main] liquibase.executor.jvm.JdbcExecutor      : INSERT INTO PUBLIC.DATABASECHANGELOG (ID, AUTHOR, FILENAME, DATEEXECUTED, ORDEREXECUTED, MD5SUM, DESCRIPTION, COMMENTS, EXECTYPE, CONTEXTS, LABELS, LIQUIBASE, DEPLOYMENT_ID) VALUES ('2', 'admin', '/db/changelog/changes/createDepsTable-changeLog-2.xml', NOW(), 2, '8:da52f2b686f72e34ddd538541e856620', 'createTable tableName=departments', '', 'EXECUTED', NULL, NULL, '3.6.3', '9248058954')
2020-01-17 13:00:59.096  INFO 4304 --- [           main] liquibase.executor.jvm.JdbcExecutor      : INSERT INTO PUBLIC.users (id, first_name, last_name, department, birthday) VALUES (1, 'Иван', 'Иванов', 11, '1995-02-12 00:00:00.000')
2020-01-17 13:00:59.098  INFO 4304 --- [           main] liquibase.changelog.ChangeSet            : New row inserted into users
2020-01-17 13:00:59.101  INFO 4304 --- [           main] liquibase.executor.jvm.JdbcExecutor      : INSERT INTO PUBLIC.users (id, first_name, last_name, department, birthday) VALUES (2, 'Петр', 'Петров', 111, '1994-01-20 00:00:00.000')
2020-01-17 13:00:59.110  INFO 4304 --- [           main] liquibase.changelog.ChangeSet            : New row inserted into users
2020-01-17 13:00:59.111  INFO 4304 --- [           main] liquibase.changelog.ChangeSet            : ChangeSet /db/changelog/changes/insert-user-table-changelog-3.xml::3::admin ran successfully in 19ms
2020-01-17 13:00:59.117  INFO 4304 --- [           main] liquibase.executor.jvm.JdbcExecutor      : INSERT INTO PUBLIC.DATABASECHANGELOG (ID, AUTHOR, FILENAME, DATEEXECUTED, ORDEREXECUTED, MD5SUM, DESCRIPTION, COMMENTS, EXECTYPE, CONTEXTS, LABELS, LIQUIBASE, DEPLOYMENT_ID) VALUES ('3', 'admin', '/db/changelog/changes/insert-user-table-changelog-3.xml', NOW(), 3, '8:40a14aaee4740c17176a0862666842b9', 'insert tableName=users; insert tableName=users', '', 'EXECUTED', NULL, NULL, '3.6.3', '9248058954')
2020-01-17 13:00:59.122  INFO 4304 --- [           main] liquibase.executor.jvm.JdbcExecutor      : INSERT INTO PUBLIC.departments (id, id_parent, NameDep) VALUES (1, 0, 'MyCompany')
2020-01-17 13:00:59.124  INFO 4304 --- [           main] liquibase.changelog.ChangeSet            : New row inserted into departments
2020-01-17 13:00:59.126  INFO 4304 --- [           main] liquibase.executor.jvm.JdbcExecutor      : INSERT INTO PUBLIC.departments (id, id_parent, NameDep) VALUES (11, 1, 'Нестандартное оборудование')
2020-01-17 13:00:59.128  INFO 4304 --- [           main] liquibase.changelog.ChangeSet            : New row inserted into departments
2020-01-17 13:00:59.129  INFO 4304 --- [           main] liquibase.executor.jvm.JdbcExecutor      : INSERT INTO PUBLIC.departments (id, id_parent, NameDep) VALUES (111, 11, 'тех отдел')
2020-01-17 13:00:59.131  INFO 4304 --- [           main] liquibase.changelog.ChangeSet            : New row inserted into departments
2020-01-17 13:00:59.131  INFO 4304 --- [           main] liquibase.executor.jvm.JdbcExecutor      : INSERT INTO PUBLIC.departments (id, id_parent, NameDep) VALUES (112, 11, 'ко')
2020-01-17 13:00:59.132  INFO 4304 --- [           main] liquibase.changelog.ChangeSet            : New row inserted into departments
2020-01-17 13:00:59.134  INFO 4304 --- [           main] liquibase.executor.jvm.JdbcExecutor      : INSERT INTO PUBLIC.departments (id, id_parent, NameDep) VALUES (1121, 112, 'ко оснастки')
2020-01-17 13:00:59.137  INFO 4304 --- [           main] liquibase.changelog.ChangeSet            : New row inserted into departments
2020-01-17 13:00:59.146  INFO 4304 --- [           main] liquibase.executor.jvm.JdbcExecutor      : INSERT INTO PUBLIC.departments (id, id_parent, NameDep) VALUES (12, 1, 'отдел продаж')
2020-01-17 13:00:59.146  INFO 4304 --- [           main] liquibase.changelog.ChangeSet            : New row inserted into departments
2020-01-17 13:00:59.147  INFO 4304 --- [           main] liquibase.executor.jvm.JdbcExecutor      : INSERT INTO PUBLIC.departments (id, id_parent, NameDep) VALUES (121, 12, 'продажи нест оборудования')
2020-01-17 13:00:59.148  INFO 4304 --- [           main] liquibase.changelog.ChangeSet            : New row inserted into departments
2020-01-17 13:00:59.149  INFO 4304 --- [           main] liquibase.executor.jvm.JdbcExecutor      : INSERT INTO PUBLIC.departments (id, id_parent, NameDep) VALUES (122, 12, 'продажи проектов')
2020-01-17 13:00:59.151  INFO 4304 --- [           main] liquibase.changelog.ChangeSet            : New row inserted into departments
2020-01-17 13:00:59.152  INFO 4304 --- [           main] liquibase.changelog.ChangeSet            : ChangeSet /db/changelog/changes/insert-dep-table-changelog-4.xml::4::admin ran successfully in 31ms
2020-01-17 13:00:59.156  INFO 4304 --- [           main] liquibase.executor.jvm.JdbcExecutor      : INSERT INTO PUBLIC.DATABASECHANGELOG (ID, AUTHOR, FILENAME, DATEEXECUTED, ORDEREXECUTED, MD5SUM, DESCRIPTION, COMMENTS, EXECTYPE, CONTEXTS, LABELS, LIQUIBASE, DEPLOYMENT_ID) VALUES ('4', 'admin', '/db/changelog/changes/insert-dep-table-changelog-4.xml', NOW(), 4, '8:d34f7cb93f7368014b3f5cd3acb0be08', 'insert tableName=departments; insert tableName=departments; insert tableName=departments; insert tableName=departments; insert tableName=departments; insert tableName=departments; insert tableName=departments; insert tableName=departments', '', 'EXECUTED', NULL, NULL, '3.6.3', '9248058954')
2020-01-17 13:00:59.160  INFO 4304 --- [           main] l.lockservice.StandardLockService        : Successfully released change log lock
2020-01-17 13:00:59.529  INFO 4304 --- [           main] o.hibernate.jpa.internal.util.LogHelper  : HHH000204: Processing PersistenceUnitInfo [
	name: default
	...]
2020-01-17 13:00:59.667  INFO 4304 --- [           main] org.hibernate.Version                    : HHH000412: Hibernate Core {5.3.10.Final}
2020-01-17 13:00:59.671  INFO 4304 --- [           main] org.hibernate.cfg.Environment            : HHH000206: hibernate.properties not found
2020-01-17 13:01:00.006  INFO 4304 --- [           main] o.hibernate.annotations.common.Version   : HCANN000001: Hibernate Commons Annotations {5.0.4.Final}
2020-01-17 13:01:00.269  INFO 4304 --- [           main] org.hibernate.dialect.Dialect            : HHH000400: Using dialect: org.hibernate.dialect.SQLServerDialect
2020-01-17 13:01:01.244  INFO 4304 --- [           main] j.LocalContainerEntityManagerFactoryBean : Initialized JPA EntityManagerFactory for persistence unit 'default'
2020-01-17 13:01:03.311  INFO 4304 --- [           main] o.s.s.concurrent.ThreadPoolTaskExecutor  : Initializing ExecutorService 'applicationTaskExecutor'
2020-01-17 13:01:03.438  WARN 4304 --- [           main] aWebConfiguration$JpaWebMvcConfiguration : spring.jpa.open-in-view is enabled by default. Therefore, database queries may be performed during view rendering. Explicitly configure spring.jpa.open-in-view to disable this warning
2020-01-17 13:01:04.227  INFO 4304 --- [           main] o.s.b.t.m.w.SpringBootMockServletContext : Initializing Spring TestDispatcherServlet ''
2020-01-17 13:01:04.228  INFO 4304 --- [           main] o.s.t.web.servlet.TestDispatcherServlet  : Initializing Servlet ''
2020-01-17 13:01:04.271  INFO 4304 --- [           main] o.s.t.web.servlet.TestDispatcherServlet  : Completed initialization in 43 ms
2020-01-17 13:01:04.321  INFO 4304 --- [           main] r.u.l.d.LiquibaseDemoApplicationTests    : Started LiquibaseDemoApplicationTests in 12.746 seconds (JVM running for 14.571)
2020-01-17 13:01:04.575  INFO 4304 --- [           main] o.h.h.i.QueryTranslatorFactoryInitiator  : HHH000397: Using ASTQueryTranslatorFactory
Hibernate: select user0_.id as id1_0_, user0_.birthday as birthday2_0_, user0_.department as departme3_0_, user0_.first_name as first_na4_0_, user0_.last_name as last_nam5_0_ from users user0_
]]></system-out>
  </testcase>
  <testcase name="getUsersByDepAndBirthDAy" classname="ru.usharik.liquibase.demo.LiquibaseDemoApplicationTests" time="51.669">
    <error message="org.hibernate.exception.GenericJDBCException: could not extract ResultSet" type="javax.persistence.PersistenceException">javax.persistence.PersistenceException: org.hibernate.exception.GenericJDBCException: could not extract ResultSet
	at ru.usharik.liquibase.demo.LiquibaseDemoApplicationTests.getUsersByDepAndBirthDAy(LiquibaseDemoApplicationTests.java:60)
Caused by: org.hibernate.exception.GenericJDBCException: could not extract ResultSet
	at ru.usharik.liquibase.demo.LiquibaseDemoApplicationTests.getUsersByDepAndBirthDAy(LiquibaseDemoApplicationTests.java:60)
Caused by: org.h2.jdbc.JdbcSQLNonTransientException: 
Метод разрешен только для запросов. Используйте execute или executeUpdate вместо executeQuery
Method is only allowed for a query. Use execute or executeUpdate instead of executeQuery; SQL statement:
set @dep = 11; [90002-199]
	at ru.usharik.liquibase.demo.LiquibaseDemoApplicationTests.getUsersByDepAndBirthDAy(LiquibaseDemoApplicationTests.java:60)
</error>
    <system-out><![CDATA[2020-01-17 13:01:05.152  WARN 4304 --- [           main] org.hibernate.orm.connections.pooling    : HHH10001002: Using Hibernate built-in connection pool (not for production use!)
2020-01-17 13:01:05.154  INFO 4304 --- [           main] org.hibernate.orm.connections.pooling    : HHH10001005: using driver [org.h2.Driver] at URL [jdbc:h2:mem:test;]
2020-01-17 13:01:05.155  INFO 4304 --- [           main] org.hibernate.orm.connections.pooling    : HHH10001001: Connection properties: {user=sa, password=****}
2020-01-17 13:01:05.155  INFO 4304 --- [           main] org.hibernate.orm.connections.pooling    : HHH10001003: Autocommit mode: false
2020-01-17 13:01:05.163  INFO 4304 --- [           main] .c.i.DriverManagerConnectionProviderImpl : HHH000115: Hibernate connection pool size: 20 (min=1)
2020-01-17 13:01:05.166  INFO 4304 --- [           main] org.hibernate.dialect.Dialect            : HHH000400: Using dialect: org.hibernate.dialect.SQLServerDialect
Hibernate: set @dep = 11;
set @days = 10;

WITH
  cteDepsByParent (id, id_parent, NameDep)
  AS
  (SELECT id, id_parent, NameDep
    FROM departments
    WHERE id = @dep

    UNION ALL

    SELECT e.id, e.id_parent, e.NameDep
    FROM departments e
      INNER JOIN cteDepsByParent r
        ON e.id_parent = r.id
  )

	select 
		id,
		first_name, 
		last_name, 
		department 
		
	from users where department in (SELECT id FROM cteDepsByParent)
 		and (DATEADD('YEAR', Year(CURRENT_DATE) - Year(birthday), birthday)) < DATEADD('day', @days,CURRENT_DATE) 
 		and (DATEADD('YEAR', Year(CURRENT_DATE) - Year(birthday), birthday)) > CURRENT_DATE
	

		
2020-01-17 13:01:56.498  WARN 4304 --- [           main] o.h.engine.jdbc.spi.SqlExceptionHelper   : SQL Error: 90002, SQLState: 90002
2020-01-17 13:01:56.500 ERROR 4304 --- [           main] o.h.engine.jdbc.spi.SqlExceptionHelper   : Метод разрешен только для запросов. Используйте execute или executeUpdate вместо executeQuery
Method is only allowed for a query. Use execute or executeUpdate instead of executeQuery; SQL statement:
set @dep = 11; [90002-199]
]]></system-out>
  </testcase>
  <testcase name="getNextMonthUsers" classname="ru.usharik.liquibase.demo.LiquibaseDemoApplicationTests" time="0.049">
    <error message="Index: 0, Size: 0" type="java.lang.IndexOutOfBoundsException">java.lang.IndexOutOfBoundsException: Index: 0, Size: 0
	at ru.usharik.liquibase.demo.LiquibaseDemoApplicationTests.getNextMonthUsers(LiquibaseDemoApplicationTests.java:54)
</error>
    <system-out><![CDATA[Hibernate: select user0_.id as id1_0_, user0_.birthday as birthday2_0_, user0_.department as departme3_0_, user0_.first_name as first_na4_0_, user0_.last_name as last_nam5_0_ from users user0_
]]></system-out>
  </testcase>
</testsuite>