<?xml version="1.0" encoding="UTF-8"?>
<testsuite xmlns:xsi="http://www.w3.org/2001/XMLSchema-instance" xsi:noNamespaceSchemaLocation="https://maven.apache.org/surefire/maven-surefire-plugin/xsd/surefire-test-report.xsd" name="ru.usharik.liquibase.demo.LiquibaseDemoApplicationTests" time="135.712" tests="4" errors="0" skipped="0" failures="2">
  <properties>
[...]
</properties>
  <testcase name="getNextWeekUsers" classname="ru.usharik.liquibase.demo.LiquibaseDemoApplicationTests" time="56.853">
    <failure type="java.lang.AssertionError">java.lang.AssertionError
	at ru.usharik.liquibase.demo.LiquibaseDemoApplicationTests.getNextWeekUsers(LiquibaseDemoApplicationTests.java:100)
</failure>
    <system-out><![CDATA[10:18:08.605 [main] DEBUG org.springframework.test.context.junit4.SpringJUnit4ClassRunner - SpringJUnit4ClassRunner constructor called with [class ru.usharik.liquibase.demo.LiquibaseDemoApplicationTests]
10:18:08.623 [main] DEBUG org.springframework.test.context.BootstrapUtils - Instantiating CacheAwareContextLoaderDelegate from class [org.springframework.test.context.cache.DefaultCacheAwareContextLoaderDelegate]
10:18:08.645 [main] DEBUG org.springframework.test.context.BootstrapUtils - Instantiating BootstrapContext using constructor [public org.springframework.test.context.support.DefaultBootstrapContext(java.lang.Class,org.springframework.test.context.CacheAwareContextLoaderDelegate)]
10:18:08.718 [main] DEBUG org.springframework.test.context.BootstrapUtils - Instantiating TestContextBootstrapper for test class [ru.usharik.liquibase.demo.LiquibaseDemoApplicationTests] from class [org.springframework.boot.test.context.SpringBootTestContextBootstrapper]
10:18:08.752 [main] INFO org.springframework.boot.test.context.SpringBootTestContextBootstrapper - Neither @ContextConfiguration nor @ContextHierarchy found for test class [ru.usharik.liquibase.demo.LiquibaseDemoApplicationTests], using SpringBootContextLoader
10:18:08.761 [main] DEBUG org.springframework.test.context.support.AbstractContextLoader - Did not detect default resource location for test class [ru.usharik.liquibase.demo.LiquibaseDemoApplicationTests]: class path resource [ru/usharik/liquibase/demo/LiquibaseDemoApplicationTests-context.xml] does not exist
10:18:08.763 [main] DEBUG org.springframework.test.context.support.AbstractContextLoader - Did not detect default resource location for test class [ru.usharik.liquibase.demo.LiquibaseDemoApplicationTests]: class path resource [ru/usharik/liquibase/demo/LiquibaseDemoApplicationTestsContext.groovy] does not exist
10:18:08.763 [main] INFO org.springframework.test.context.support.AbstractContextLoader - Could not detect default resource locations for test class [ru.usharik.liquibase.demo.LiquibaseDemoApplicationTests]: no resource found for suffixes {-context.xml, Context.groovy}.
10:18:08.765 [main] INFO org.springframework.test.context.support.AnnotationConfigContextLoaderUtils - Could not detect default configuration classes for test class [ru.usharik.liquibase.demo.LiquibaseDemoApplicationTests]: LiquibaseDemoApplicationTests does not declare any static, non-private, non-final, nested classes annotated with @Configuration.
10:18:08.928 [main] DEBUG org.springframework.test.context.support.ActiveProfilesUtils - Could not find an 'annotation declaring class' for annotation type [org.springframework.test.context.ActiveProfiles] and class [ru.usharik.liquibase.demo.LiquibaseDemoApplicationTests]
10:18:09.124 [main] DEBUG org.springframework.context.annotation.ClassPathScanningCandidateComponentProvider - Identified candidate component class: file [D:\WORK\Java\spring-liquibase-hibernate\SpringHibernate\target\classes\ru\usharik\liquibase\demo\LiquibaseDemoApplication.class]
10:18:09.126 [main] INFO org.springframework.boot.test.context.SpringBootTestContextBootstrapper - Found @SpringBootConfiguration ru.usharik.liquibase.demo.LiquibaseDemoApplication for test class ru.usharik.liquibase.demo.LiquibaseDemoApplicationTests
10:18:09.394 [main] DEBUG org.springframework.boot.test.context.SpringBootTestContextBootstrapper - @TestExecutionListeners is not present for class [ru.usharik.liquibase.demo.LiquibaseDemoApplicationTests]: using defaults.
10:18:09.395 [main] INFO org.springframework.boot.test.context.SpringBootTestContextBootstrapper - Loaded default TestExecutionListener class names from location [META-INF/spring.factories]: [org.springframework.boot.test.mock.mockito.MockitoTestExecutionListener, org.springframework.boot.test.mock.mockito.ResetMocksTestExecutionListener, org.springframework.boot.test.autoconfigure.restdocs.RestDocsTestExecutionListener, org.springframework.boot.test.autoconfigure.web.client.MockRestServiceServerResetTestExecutionListener, org.springframework.boot.test.autoconfigure.web.servlet.MockMvcPrintOnlyOnFailureTestExecutionListener, org.springframework.boot.test.autoconfigure.web.servlet.WebDriverTestExecutionListener, org.springframework.test.context.web.ServletTestExecutionListener, org.springframework.test.context.support.DirtiesContextBeforeModesTestExecutionListener, org.springframework.test.context.support.DependencyInjectionTestExecutionListener, org.springframework.test.context.support.DirtiesContextTestExecutionListener, org.springframework.test.context.transaction.TransactionalTestExecutionListener, org.springframework.test.context.jdbc.SqlScriptsTestExecutionListener]
10:18:09.440 [main] INFO org.springframework.boot.test.context.SpringBootTestContextBootstrapper - Using TestExecutionListeners: [org.springframework.test.context.web.ServletTestExecutionListener@7e19ebf0, org.springframework.test.context.support.DirtiesContextBeforeModesTestExecutionListener@2474f125, org.springframework.boot.test.mock.mockito.MockitoTestExecutionListener@7357a011, org.springframework.boot.test.autoconfigure.SpringBootDependencyInjectionTestExecutionListener@3406472c, org.springframework.test.context.support.DirtiesContextTestExecutionListener@5717c37, org.springframework.test.context.transaction.TransactionalTestExecutionListener@68f4865, org.springframework.test.context.jdbc.SqlScriptsTestExecutionListener@4816278d, org.springframework.boot.test.mock.mockito.ResetMocksTestExecutionListener@4eaf3684, org.springframework.boot.test.autoconfigure.restdocs.RestDocsTestExecutionListener@40317ba2, org.springframework.boot.test.autoconfigure.web.client.MockRestServiceServerResetTestExecutionListener@3c01cfa1, org.springframework.boot.test.autoconfigure.web.servlet.MockMvcPrintOnlyOnFailureTestExecutionListener@45d2ade3, org.springframework.boot.test.autoconfigure.web.servlet.WebDriverTestExecutionListener@727eb8cb]
10:18:09.444 [main] DEBUG org.springframework.test.annotation.ProfileValueUtils - Retrieved @ProfileValueSourceConfiguration [null] for test class [ru.usharik.liquibase.demo.LiquibaseDemoApplicationTests]
10:18:09.445 [main] DEBUG org.springframework.test.annotation.ProfileValueUtils - Retrieved ProfileValueSource type [class org.springframework.test.annotation.SystemProfileValueSource] for class [ru.usharik.liquibase.demo.LiquibaseDemoApplicationTests]
10:18:09.449 [main] DEBUG org.springframework.test.annotation.ProfileValueUtils - Retrieved @ProfileValueSourceConfiguration [null] for test class [ru.usharik.liquibase.demo.LiquibaseDemoApplicationTests]
10:18:09.449 [main] DEBUG org.springframework.test.annotation.ProfileValueUtils - Retrieved ProfileValueSource type [class org.springframework.test.annotation.SystemProfileValueSource] for class [ru.usharik.liquibase.demo.LiquibaseDemoApplicationTests]
10:18:09.451 [main] DEBUG org.springframework.test.annotation.ProfileValueUtils - Retrieved @ProfileValueSourceConfiguration [null] for test class [ru.usharik.liquibase.demo.LiquibaseDemoApplicationTests]
10:18:09.451 [main] DEBUG org.springframework.test.annotation.ProfileValueUtils - Retrieved ProfileValueSource type [class org.springframework.test.annotation.SystemProfileValueSource] for class [ru.usharik.liquibase.demo.LiquibaseDemoApplicationTests]
10:18:09.462 [main] DEBUG org.springframework.test.context.support.AbstractDirtiesContextTestExecutionListener - Before test class: context [DefaultTestContext@409c54f testClass = LiquibaseDemoApplicationTests, testInstance = [null], testMethod = [null], testException = [null], mergedContextConfiguration = [WebMergedContextConfiguration@3e74829 testClass = LiquibaseDemoApplicationTests, locations = '{}', classes = '{class ru.usharik.liquibase.demo.LiquibaseDemoApplication}', contextInitializerClasses = '[]', activeProfiles = '{}', propertySourceLocations = '{}', propertySourceProperties = '{org.springframework.boot.test.context.SpringBootTestContextBootstrapper=true}', contextCustomizers = set[[ImportsContextCustomizer@4f6f416f key = [org.springframework.boot.test.autoconfigure.web.servlet.MockMvcAutoConfiguration, org.springframework.boot.test.autoconfigure.web.servlet.MockMvcSecurityAutoConfiguration, org.springframework.boot.test.autoconfigure.web.servlet.MockMvcWebClientAutoConfiguration, org.springframework.boot.test.autoconfigure.web.servlet.MockMvcWebDriverAutoConfiguration]], org.springframework.boot.test.context.filter.ExcludeFilterContextCustomizer@3bf7ca37, org.springframework.boot.test.json.DuplicateJsonObjectContextCustomizerFactory$DuplicateJsonObjectContextCustomizer@4b2bac3f, org.springframework.boot.test.mock.mockito.MockitoContextCustomizer@0, org.springframework.boot.test.web.client.TestRestTemplateContextCustomizer@8297b3a, org.springframework.boot.test.autoconfigure.properties.PropertyMappingContextCustomizer@e7e8512, org.springframework.boot.test.autoconfigure.web.servlet.WebDriverContextCustomizerFactory$Customizer@ae13544], resourceBasePath = 'src/main/webapp', contextLoader = 'org.springframework.boot.test.context.SpringBootContextLoader', parent = [null]], attributes = map['org.springframework.test.context.web.ServletTestExecutionListener.activateListener' -> true]], class annotated with @DirtiesContext [false] with mode [null].
10:18:09.464 [main] DEBUG org.springframework.test.annotation.ProfileValueUtils - Retrieved @ProfileValueSourceConfiguration [null] for test class [ru.usharik.liquibase.demo.LiquibaseDemoApplicationTests]
10:18:09.465 [main] DEBUG org.springframework.test.annotation.ProfileValueUtils - Retrieved ProfileValueSource type [class org.springframework.test.annotation.SystemProfileValueSource] for class [ru.usharik.liquibase.demo.LiquibaseDemoApplicationTests]
10:18:09.524 [main] DEBUG org.springframework.test.context.support.TestPropertySourceUtils - Adding inlined properties to environment: {spring.jmx.enabled=false, org.springframework.boot.test.context.SpringBootTestContextBootstrapper=true, server.port=-1}

  .   ____          _            __ _ _
 /\\ / ___'_ __ _ _(_)_ __  __ _ \ \ \ \
( ( )\___ | '_ | '_| | '_ \/ _` | \ \ \ \
 \\/  ___)| |_)| | | | | || (_| |  ) ) ) )
  '  |____| .__|_| |_|_| |_\__, | / / / /
 =========|_|==============|___/=/_/_/_/
 :: Spring Boot ::        (v2.1.6.RELEASE)

2020-01-20 10:18:10.428  INFO 14956 --- [           main] r.u.l.d.LiquibaseDemoApplicationTests    : Starting LiquibaseDemoApplicationTests on pyatak with PID 14956 (started by pyatak in D:\WORK\Java\spring-liquibase-hibernate\SpringHibernate)
2020-01-20 10:18:10.431  INFO 14956 --- [           main] r.u.l.d.LiquibaseDemoApplicationTests    : No active profile set, falling back to default profiles: default
2020-01-20 10:18:12.178  INFO 14956 --- [           main] .s.d.r.c.RepositoryConfigurationDelegate : Bootstrapping Spring Data repositories in DEFAULT mode.
2020-01-20 10:18:12.377  INFO 14956 --- [           main] .s.d.r.c.RepositoryConfigurationDelegate : Finished Spring Data repository scanning in 170ms. Found 1 repository interfaces.
2020-01-20 10:18:13.521  INFO 14956 --- [           main] trationDelegate$BeanPostProcessorChecker : Bean 'org.springframework.transaction.annotation.ProxyTransactionManagementConfiguration' of type [org.springframework.transaction.annotation.ProxyTransactionManagementConfiguration$$EnhancerBySpringCGLIB$$93373f07] is not eligible for getting processed by all BeanPostProcessors (for example: not eligible for auto-proxying)
2020-01-20 10:18:13.952  INFO 14956 --- [           main] com.zaxxer.hikari.HikariDataSource       : HikariPool-1 - Starting...
2020-01-20 10:18:14.395  INFO 14956 --- [           main] com.zaxxer.hikari.HikariDataSource       : HikariPool-1 - Start completed.
2020-01-20 10:18:16.247  INFO 14956 --- [           main] liquibase.executor.jvm.JdbcExecutor      : SELECT COUNT(*) FROM PUBLIC.DATABASECHANGELOGLOCK
2020-01-20 10:18:16.283  INFO 14956 --- [           main] liquibase.executor.jvm.JdbcExecutor      : CREATE TABLE PUBLIC.DATABASECHANGELOGLOCK (ID INT NOT NULL, LOCKED BOOLEAN NOT NULL, LOCKGRANTED TIMESTAMP, LOCKEDBY VARCHAR(255), CONSTRAINT PK_DATABASECHANGELOGLOCK PRIMARY KEY (ID))
2020-01-20 10:18:16.299  INFO 14956 --- [           main] liquibase.executor.jvm.JdbcExecutor      : SELECT COUNT(*) FROM PUBLIC.DATABASECHANGELOGLOCK
2020-01-20 10:18:16.309  INFO 14956 --- [           main] liquibase.executor.jvm.JdbcExecutor      : DELETE FROM PUBLIC.DATABASECHANGELOGLOCK
2020-01-20 10:18:16.312  INFO 14956 --- [           main] liquibase.executor.jvm.JdbcExecutor      : INSERT INTO PUBLIC.DATABASECHANGELOGLOCK (ID, LOCKED) VALUES (1, FALSE)
2020-01-20 10:18:16.319  INFO 14956 --- [           main] liquibase.executor.jvm.JdbcExecutor      : SELECT LOCKED FROM PUBLIC.DATABASECHANGELOGLOCK WHERE ID=1
2020-01-20 10:18:16.338  INFO 14956 --- [           main] l.lockservice.StandardLockService        : Successfully acquired change log lock
2020-01-20 10:18:18.626  INFO 14956 --- [           main] l.c.StandardChangeLogHistoryService      : Creating database history table with name: PUBLIC.DATABASECHANGELOG
2020-01-20 10:18:18.629  INFO 14956 --- [           main] liquibase.executor.jvm.JdbcExecutor      : CREATE TABLE PUBLIC.DATABASECHANGELOG (ID VARCHAR(255) NOT NULL, AUTHOR VARCHAR(255) NOT NULL, FILENAME VARCHAR(255) NOT NULL, DATEEXECUTED TIMESTAMP NOT NULL, ORDEREXECUTED INT NOT NULL, EXECTYPE VARCHAR(10) NOT NULL, MD5SUM VARCHAR(35), DESCRIPTION VARCHAR(255), COMMENTS VARCHAR(255), TAG VARCHAR(255), LIQUIBASE VARCHAR(20), CONTEXTS VARCHAR(255), LABELS VARCHAR(255), DEPLOYMENT_ID VARCHAR(10))
2020-01-20 10:18:18.631  INFO 14956 --- [           main] liquibase.executor.jvm.JdbcExecutor      : SELECT COUNT(*) FROM PUBLIC.DATABASECHANGELOG
2020-01-20 10:18:18.632  INFO 14956 --- [           main] l.c.StandardChangeLogHistoryService      : Reading from PUBLIC.DATABASECHANGELOG
2020-01-20 10:18:18.634  INFO 14956 --- [           main] liquibase.executor.jvm.JdbcExecutor      : SELECT * FROM PUBLIC.DATABASECHANGELOG ORDER BY DATEEXECUTED ASC, ORDEREXECUTED ASC
2020-01-20 10:18:18.636  INFO 14956 --- [           main] liquibase.executor.jvm.JdbcExecutor      : SELECT COUNT(*) FROM PUBLIC.DATABASECHANGELOGLOCK
2020-01-20 10:18:18.703  INFO 14956 --- [           main] liquibase.executor.jvm.JdbcExecutor      : CREATE TABLE PUBLIC.users (id INT AUTO_INCREMENT NOT NULL, first_name VARCHAR(50) NOT NULL, last_name VARCHAR(50), department INT NOT NULL, birthday TIMESTAMP NOT NULL, CONSTRAINT PK_USERS PRIMARY KEY (id))
2020-01-20 10:18:18.713  INFO 14956 --- [           main] liquibase.changelog.ChangeSet            : Table users created
2020-01-20 10:18:18.714  INFO 14956 --- [           main] liquibase.changelog.ChangeSet            : ChangeSet /db/changelog/changes/createUsersTable-changeLog-1.xml::1::admin ran successfully in 13ms
2020-01-20 10:18:18.715  INFO 14956 --- [           main] liquibase.executor.jvm.JdbcExecutor      : SELECT MAX(ORDEREXECUTED) FROM PUBLIC.DATABASECHANGELOG
2020-01-20 10:18:18.736  INFO 14956 --- [           main] liquibase.executor.jvm.JdbcExecutor      : INSERT INTO PUBLIC.DATABASECHANGELOG (ID, AUTHOR, FILENAME, DATEEXECUTED, ORDEREXECUTED, MD5SUM, DESCRIPTION, COMMENTS, EXECTYPE, CONTEXTS, LABELS, LIQUIBASE, DEPLOYMENT_ID) VALUES ('1', 'admin', '/db/changelog/changes/createUsersTable-changeLog-1.xml', NOW(), 1, '8:fa9d8c011ed9e8fce2d003954a1733a7', 'createTable tableName=users', '', 'EXECUTED', NULL, NULL, '3.6.3', '9497498637')
2020-01-20 10:18:18.742  INFO 14956 --- [           main] liquibase.executor.jvm.JdbcExecutor      : CREATE TABLE PUBLIC.departments (id INT AUTO_INCREMENT NOT NULL, id_parent INT NOT NULL, NameDep VARCHAR(50), CONSTRAINT PK_DEPARTMENTS PRIMARY KEY (id))
2020-01-20 10:18:18.744  INFO 14956 --- [           main] liquibase.changelog.ChangeSet            : Table departments created
2020-01-20 10:18:18.746  INFO 14956 --- [           main] liquibase.changelog.ChangeSet            : ChangeSet /db/changelog/changes/createDepsTable-changeLog-2.xml::2::admin ran successfully in 6ms
2020-01-20 10:18:18.754  INFO 14956 --- [           main] liquibase.executor.jvm.JdbcExecutor      : INSERT INTO PUBLIC.DATABASECHANGELOG (ID, AUTHOR, FILENAME, DATEEXECUTED, ORDEREXECUTED, MD5SUM, DESCRIPTION, COMMENTS, EXECTYPE, CONTEXTS, LABELS, LIQUIBASE, DEPLOYMENT_ID) VALUES ('2', 'admin', '/db/changelog/changes/createDepsTable-changeLog-2.xml', NOW(), 2, '8:143bec212ed1d20c50ece25a6b1ab10a', 'createTable tableName=departments', '', 'EXECUTED', NULL, NULL, '3.6.3', '9497498637')
2020-01-20 10:18:18.767  INFO 14956 --- [           main] liquibase.executor.jvm.JdbcExecutor      : INSERT INTO PUBLIC.users (id, first_name, last_name, department, birthday) VALUES (1, 'Иван', 'Иванов', 11, '1995-02-12 00:00:00.000')
2020-01-20 10:18:18.771  INFO 14956 --- [           main] liquibase.changelog.ChangeSet            : New row inserted into users
2020-01-20 10:18:18.773  INFO 14956 --- [           main] liquibase.executor.jvm.JdbcExecutor      : INSERT INTO PUBLIC.users (id, first_name, last_name, department, birthday) VALUES (2, 'Петр', 'Петров', 111, '1994-01-21 00:00:00.000')
2020-01-20 10:18:18.774  INFO 14956 --- [           main] liquibase.changelog.ChangeSet            : New row inserted into users
2020-01-20 10:18:18.775  INFO 14956 --- [           main] liquibase.changelog.ChangeSet            : ChangeSet /db/changelog/changes/insert-user-table-changelog-3.xml::3::admin ran successfully in 15ms
2020-01-20 10:18:18.778  INFO 14956 --- [           main] liquibase.executor.jvm.JdbcExecutor      : INSERT INTO PUBLIC.DATABASECHANGELOG (ID, AUTHOR, FILENAME, DATEEXECUTED, ORDEREXECUTED, MD5SUM, DESCRIPTION, COMMENTS, EXECTYPE, CONTEXTS, LABELS, LIQUIBASE, DEPLOYMENT_ID) VALUES ('3', 'admin', '/db/changelog/changes/insert-user-table-changelog-3.xml', NOW(), 3, '8:7098c30e8cec94a730ed586d176b691a', 'insert tableName=users; insert tableName=users', '', 'EXECUTED', NULL, NULL, '3.6.3', '9497498637')
2020-01-20 10:18:18.787  INFO 14956 --- [           main] liquibase.executor.jvm.JdbcExecutor      : INSERT INTO PUBLIC.departments (id, id_parent, NameDep) VALUES (1, 0, 'MyCompany')
2020-01-20 10:18:18.789  INFO 14956 --- [           main] liquibase.changelog.ChangeSet            : New row inserted into departments
2020-01-20 10:18:18.792  INFO 14956 --- [           main] liquibase.executor.jvm.JdbcExecutor      : INSERT INTO PUBLIC.departments (id, id_parent, NameDep) VALUES (11, 1, 'Нестандартное оборудование')
2020-01-20 10:18:18.795  INFO 14956 --- [           main] liquibase.changelog.ChangeSet            : New row inserted into departments
2020-01-20 10:18:18.797  INFO 14956 --- [           main] liquibase.executor.jvm.JdbcExecutor      : INSERT INTO PUBLIC.departments (id, id_parent, NameDep) VALUES (111, 11, 'тех отдел')
2020-01-20 10:18:18.799  INFO 14956 --- [           main] liquibase.changelog.ChangeSet            : New row inserted into departments
2020-01-20 10:18:18.800  INFO 14956 --- [           main] liquibase.executor.jvm.JdbcExecutor      : INSERT INTO PUBLIC.departments (id, id_parent, NameDep) VALUES (112, 11, 'ко')
2020-01-20 10:18:18.802  INFO 14956 --- [           main] liquibase.changelog.ChangeSet            : New row inserted into departments
2020-01-20 10:18:18.811  INFO 14956 --- [           main] liquibase.executor.jvm.JdbcExecutor      : INSERT INTO PUBLIC.departments (id, id_parent, NameDep) VALUES (1121, 112, 'ко оснастки')
2020-01-20 10:18:18.825  INFO 14956 --- [           main] liquibase.changelog.ChangeSet            : New row inserted into departments
2020-01-20 10:18:18.826  INFO 14956 --- [           main] liquibase.executor.jvm.JdbcExecutor      : INSERT INTO PUBLIC.departments (id, id_parent, NameDep) VALUES (12, 1, 'отдел продаж')
2020-01-20 10:18:18.829  INFO 14956 --- [           main] liquibase.changelog.ChangeSet            : New row inserted into departments
2020-01-20 10:18:18.830  INFO 14956 --- [           main] liquibase.executor.jvm.JdbcExecutor      : INSERT INTO PUBLIC.departments (id, id_parent, NameDep) VALUES (121, 12, 'продажи нест оборудования')
2020-01-20 10:18:18.831  INFO 14956 --- [           main] liquibase.changelog.ChangeSet            : New row inserted into departments
2020-01-20 10:18:18.832  INFO 14956 --- [           main] liquibase.executor.jvm.JdbcExecutor      : INSERT INTO PUBLIC.departments (id, id_parent, NameDep) VALUES (122, 12, 'продажи проектов')
2020-01-20 10:18:18.840  INFO 14956 --- [           main] liquibase.changelog.ChangeSet            : New row inserted into departments
2020-01-20 10:18:18.845  INFO 14956 --- [           main] liquibase.changelog.ChangeSet            : ChangeSet /db/changelog/changes/insert-dep-table-changelog-4.xml::4::admin ran successfully in 59ms
2020-01-20 10:18:18.856  INFO 14956 --- [           main] liquibase.executor.jvm.JdbcExecutor      : INSERT INTO PUBLIC.DATABASECHANGELOG (ID, AUTHOR, FILENAME, DATEEXECUTED, ORDEREXECUTED, MD5SUM, DESCRIPTION, COMMENTS, EXECTYPE, CONTEXTS, LABELS, LIQUIBASE, DEPLOYMENT_ID) VALUES ('4', 'admin', '/db/changelog/changes/insert-dep-table-changelog-4.xml', NOW(), 4, '8:d34f7cb93f7368014b3f5cd3acb0be08', 'insert tableName=departments; insert tableName=departments; insert tableName=departments; insert tableName=departments; insert tableName=departments; insert tableName=departments; insert tableName=departments; insert tableName=departments', '', 'EXECUTED', NULL, NULL, '3.6.3', '9497498637')
2020-01-20 10:18:18.871  INFO 14956 --- [           main] l.lockservice.StandardLockService        : Successfully released change log lock
2020-01-20 10:18:19.330  INFO 14956 --- [           main] o.hibernate.jpa.internal.util.LogHelper  : HHH000204: Processing PersistenceUnitInfo [
	name: default
	...]
2020-01-20 10:18:19.550  INFO 14956 --- [           main] org.hibernate.Version                    : HHH000412: Hibernate Core {5.3.10.Final}
2020-01-20 10:18:19.554  INFO 14956 --- [           main] org.hibernate.cfg.Environment            : HHH000206: hibernate.properties not found
2020-01-20 10:18:20.061  INFO 14956 --- [           main] o.hibernate.annotations.common.Version   : HCANN000001: Hibernate Commons Annotations {5.0.4.Final}
2020-01-20 10:18:20.491  INFO 14956 --- [           main] org.hibernate.dialect.Dialect            : HHH000400: Using dialect: org.hibernate.dialect.SQLServerDialect
2020-01-20 10:18:22.161  INFO 14956 --- [           main] j.LocalContainerEntityManagerFactoryBean : Initialized JPA EntityManagerFactory for persistence unit 'default'
2020-01-20 10:18:23.587  WARN 14956 --- [           main] org.hibernate.orm.connections.pooling    : HHH10001002: Using Hibernate built-in connection pool (not for production use!)
2020-01-20 10:18:23.589  INFO 14956 --- [           main] org.hibernate.orm.connections.pooling    : HHH10001005: using driver [org.h2.Driver] at URL [jdbc:h2:mem:test;]
2020-01-20 10:18:23.590  INFO 14956 --- [           main] org.hibernate.orm.connections.pooling    : HHH10001001: Connection properties: {user=sa, password=****}
2020-01-20 10:18:23.590  INFO 14956 --- [           main] org.hibernate.orm.connections.pooling    : HHH10001003: Autocommit mode: false
2020-01-20 10:18:23.599  INFO 14956 --- [           main] .c.i.DriverManagerConnectionProviderImpl : HHH000115: Hibernate connection pool size: 20 (min=1)
2020-01-20 10:18:23.603  INFO 14956 --- [           main] org.hibernate.dialect.Dialect            : HHH000400: Using dialect: org.hibernate.dialect.SQLServerDialect
2020-01-20 10:18:25.426  INFO 14956 --- [           main] o.s.s.concurrent.ThreadPoolTaskExecutor  : Initializing ExecutorService 'applicationTaskExecutor'
2020-01-20 10:18:25.599  WARN 14956 --- [           main] aWebConfiguration$JpaWebMvcConfiguration : spring.jpa.open-in-view is enabled by default. Therefore, database queries may be performed during view rendering. Explicitly configure spring.jpa.open-in-view to disable this warning
2020-01-20 10:18:26.758  INFO 14956 --- [           main] o.s.b.t.m.w.SpringBootMockServletContext : Initializing Spring TestDispatcherServlet ''
2020-01-20 10:18:26.758  INFO 14956 --- [           main] o.s.t.web.servlet.TestDispatcherServlet  : Initializing Servlet ''
2020-01-20 10:18:26.803  INFO 14956 --- [           main] o.s.t.web.servlet.TestDispatcherServlet  : Completed initialization in 45 ms
2020-01-20 10:18:26.874  INFO 14956 --- [           main] r.u.l.d.LiquibaseDemoApplicationTests    : Started LiquibaseDemoApplicationTests in 17.324 seconds (JVM running for 19.822)
Hibernate: WITH
  cteDepsByParent (id, id_parent, NameDep)
  AS
  (SELECT id, id_parent, NameDep
    FROM departments
    WHERE id = 1

    UNION ALL

    SELECT e.id, e.id_parent, e.NameDep
    FROM departments e
      INNER JOIN cteDepsByParent r
        ON e.id_parent = r.id
  )

	select 
		id,
		first_name, 
		last_name, 
		department,
                birthday 
		
	from users where department in (SELECT id FROM cteDepsByParent)
 		and (DATEADD('YEAR', Year(CURRENT_DATE) - Year(birthday), birthday)) < DATEADD('day', 7 ,CURRENT_DATE) 
 		and (DATEADD('YEAR', Year(CURRENT_DATE) - Year(birthday), birthday)) > CURRENT_DATE
	

		
]]></system-out>
  </testcase>
  <testcase name="getUsersByDepAndBirthDAy" classname="ru.usharik.liquibase.demo.LiquibaseDemoApplicationTests" time="0.014"/>
  <testcase name="addUsersTest" classname="ru.usharik.liquibase.demo.LiquibaseDemoApplicationTests" time="0.189"/>
  <testcase name="getNextMonthUsers" classname="ru.usharik.liquibase.demo.LiquibaseDemoApplicationTests" time="59.813">
    <failure type="java.lang.AssertionError">java.lang.AssertionError
	at ru.usharik.liquibase.demo.LiquibaseDemoApplicationTests.getNextMonthUsers(LiquibaseDemoApplicationTests.java:122)
</failure>
    <system-out><![CDATA[Hibernate: WITH
  cteDepsByParent (id, id_parent, NameDep)
  AS
  (SELECT id, id_parent, NameDep
    FROM departments
    WHERE id = 1

    UNION ALL

    SELECT e.id, e.id_parent, e.NameDep
    FROM departments e
      INNER JOIN cteDepsByParent r
        ON e.id_parent = r.id
  )

	select 
		id,
		first_name, 
		last_name, 
		department,
                birthday 
		
	from users where department in (SELECT id FROM cteDepsByParent)
 		and (DATEADD('YEAR', Year(CURRENT_DATE) - Year(birthday), birthday)) < DATEADD('day', 30 ,CURRENT_DATE) 
 		and (DATEADD('YEAR', Year(CURRENT_DATE) - Year(birthday), birthday)) > CURRENT_DATE
	

		
]]></system-out>
  </testcase>
</testsuite>